# JRE version: OpenJDK Runtime Environment Temurin-17.0.13+11 (17.0.13+11) (build 17.0.13+11)
# Java VM: OpenJDK 64-Bit Server VM Temurin-17.0.13+11 (17.0.13+11, mixed mode, tiered, compressed oops, compressed class ptrs, parallel gc, windows-amd64)
GC Precious Log:
 CPUs: 8 total, 8 available
 Memory: 7778M
 Large Page Support: Disabled
 NUMA Support: Disabled
 Compressed Oops: Enabled (32-bit)
 Alignments: Space 512K, Generation 512K, Heap 2M
 Heap Min Capacity: 100M
 Heap Initial Capacity: 100M
 Heap Max Capacity: 1G
 Pre-touch: Disabled
 Parallel Workers: 8
Heap:
 PSYoungGen      total 22528K, used 22518K [0x00000000eab00000, 0x00000000eca00000, 0x0000000100000000)
  eden space 16896K, 100% used [0x00000000eab00000,0x00000000ebb80000,0x00000000ebb80000)
  from space 5632K, 99% used [0x00000000ec480000,0x00000000ec9fdbc8,0x00000000eca00000)
  to   space 6656K, 0% used [0x00000000ebd00000,0x00000000ebd00000,0x00000000ec380000)
 ParOldGen       total 224256K, used 223651K [0x00000000c0000000, 0x00000000cdb00000, 0x00000000eab00000)
  object space 224256K, 99% used [0x00000000c0000000,0x00000000cda68f00,0x00000000cdb00000)
 Metaspace       used 70541K, committed 71744K, reserved 1114112K
  class space    used 7444K, committed 8000K, reserved 1048576K
GC Heap History (20 events):
Event: 19.706 GC heap after
{Heap after GC invocations=61 (full 5):
 PSYoungGen      total 36864K, used 9650K [0x00000000eab00000, 0x00000000edf80000, 0x0000000100000000)
  eden space 27136K, 0% used [0x00000000eab00000,0x00000000eab00000,0x00000000ec580000)
  from space 9728K, 99% used [0x00000000ed600000,0x00000000edf6c818,0x00000000edf80000)
  to   space 12288K, 0% used [0x00000000ec780000,0x00000000ec780000,0x00000000ed380000)
 ParOldGen       total 170496K, used 154655K [0x00000000c0000000, 0x00000000ca680000, 0x00000000eab00000)
  object space 170496K, 90% used [0x00000000c0000000,0x00000000c9707ce8,0x00000000ca680000)
 Metaspace       used 67022K, committed 68224K, reserved 1114112K
  class space    used 7040K, committed 7552K, reserved 1048576K
}
Event: 20.030 GC heap before
{Heap before GC invocations=62 (full 5):
 PSYoungGen      total 36864K, used 36786K [0x00000000eab00000, 0x00000000edf80000, 0x0000000100000000)
  eden space 27136K, 100% used [0x00000000eab00000,0x00000000ec580000,0x00000000ec580000)
  from space 9728K, 99% used [0x00000000ed600000,0x00000000edf6c818,0x00000000edf80000)
  to   space 12288K, 0% used [0x00000000ec780000,0x00000000ec780000,0x00000000ed380000)
 ParOldGen       total 170496K, used 154655K [0x00000000c0000000, 0x00000000ca680000, 0x00000000eab00000)
  object space 170496K, 90% used [0x00000000c0000000,0x00000000c9707ce8,0x00000000ca680000)
 Metaspace       used 67556K, committed 68800K, reserved 1114112K
  class space    used 7130K, committed 7680K, reserved 1048576K
}
Event: 20.044 GC heap after
{Heap after GC invocations=62 (full 5):
 PSYoungGen      total 39424K, used 12278K [0x00000000eab00000, 0x00000000ee980000, 0x0000000100000000)
  eden space 27136K, 0% used [0x00000000eab00000,0x00000000eab00000,0x00000000ec580000)
  from space 12288K, 99% used [0x00000000ec780000,0x00000000ed37dbb8,0x00000000ed380000)
  to   space 18432K, 0% used [0x00000000ed780000,0x00000000ed780000,0x00000000ee980000)
 ParOldGen       total 170496K, used 159051K [0x00000000c0000000, 0x00000000ca680000, 0x00000000eab00000)
  object space 170496K, 93% used [0x00000000c0000000,0x00000000c9b52f48,0x00000000ca680000)
 Metaspace       used 67556K, committed 68800K, reserved 1114112K
  class space    used 7130K, committed 7680K, reserved 1048576K
}
Event: 20.203 GC heap before
{Heap before GC invocations=63 (full 5):
 PSYoungGen      total 39424K, used 39414K [0x00000000eab00000, 0x00000000ee980000, 0x0000000100000000)
  eden space 27136K, 100% used [0x00000000eab00000,0x00000000ec580000,0x00000000ec580000)
  from space 12288K, 99% used [0x00000000ec780000,0x00000000ed37dbb8,0x00000000ed380000)
  to   space 18432K, 0% used [0x00000000ed780000,0x00000000ed780000,0x00000000ee980000)
 ParOldGen       total 170496K, used 159051K [0x00000000c0000000, 0x00000000ca680000, 0x00000000eab00000)
  object space 170496K, 93% used [0x00000000c0000000,0x00000000c9b52f48,0x00000000ca680000)
 Metaspace       used 67702K, committed 68992K, reserved 1114112K
  class space    used 7132K, committed 7680K, reserved 1048576K
}
Event: 20.213 GC heap after
{Heap after GC invocations=63 (full 5):
 PSYoungGen      total 36864K, used 9227K [0x00000000eab00000, 0x00000000ee100000, 0x0000000100000000)
  eden space 27136K, 0% used [0x00000000eab00000,0x00000000eab00000,0x00000000ec580000)
  from space 9728K, 94% used [0x00000000ed780000,0x00000000ee082f80,0x00000000ee100000)
  to   space 12288K, 0% used [0x00000000ec900000,0x00000000ec900000,0x00000000ed500000)
 ParOldGen       total 170496K, used 167493K [0x00000000c0000000, 0x00000000ca680000, 0x00000000eab00000)
  object space 170496K, 98% used [0x00000000c0000000,0x00000000ca3915f8,0x00000000ca680000)
 Metaspace       used 67702K, committed 68992K, reserved 1114112K
  class space    used 7132K, committed 7680K, reserved 1048576K
}
Event: 20.321 GC heap before
{Heap before GC invocations=64 (full 6):
 PSYoungGen      total 36864K, used 36363K [0x00000000eab00000, 0x00000000ee100000, 0x0000000100000000)
  eden space 27136K, 100% used [0x00000000eab00000,0x00000000ec580000,0x00000000ec580000)
  from space 9728K, 94% used [0x00000000ed780000,0x00000000ee082f80,0x00000000ee100000)
  to   space 12288K, 0% used [0x00000000ec900000,0x00000000ec900000,0x00000000ed500000)
 ParOldGen       total 170496K, used 167493K [0x00000000c0000000, 0x00000000ca680000, 0x00000000eab00000)
  object space 170496K, 98% used [0x00000000c0000000,0x00000000ca3915f8,0x00000000ca680000)
 Metaspace       used 68151K, committed 69376K, reserved 1114112K
  class space    used 7199K, committed 7744K, reserved 1048576K
}
Event: 20.542 GC heap after
{Heap after GC invocations=64 (full 6):
 PSYoungGen      total 33280K, used 5348K [0x00000000eab00000, 0x00000000edd80000, 0x0000000100000000)
  eden space 27136K, 0% used [0x00000000eab00000,0x00000000eab00000,0x00000000ec580000)
  from space 6144K, 87% used [0x00000000ed780000,0x00000000edcb90f0,0x00000000edd80000)
  to   space 12288K, 0% used [0x00000000ec580000,0x00000000ec580000,0x00000000ed180000)
 ParOldGen       total 224256K, used 170028K [0x00000000c0000000, 0x00000000cdb00000, 0x00000000eab00000)
  object space 224256K, 75% used [0x00000000c0000000,0x00000000ca60b3b0,0x00000000cdb00000)
 Metaspace       used 68146K, committed 69376K, reserved 1114112K
  class space    used 7197K, committed 7744K, reserved 1048576K
}
Event: 20.839 GC heap before
{Heap before GC invocations=65 (full 6):
 PSYoungGen      total 33280K, used 32484K [0x00000000eab00000, 0x00000000edd80000, 0x0000000100000000)
  eden space 27136K, 100% used [0x00000000eab00000,0x00000000ec580000,0x00000000ec580000)
  from space 6144K, 87% used [0x00000000ed780000,0x00000000edcb90f0,0x00000000edd80000)
  to   space 12288K, 0% used [0x00000000ec580000,0x00000000ec580000,0x00000000ed180000)
 ParOldGen       total 224256K, used 170028K [0x00000000c0000000, 0x00000000cdb00000, 0x00000000eab00000)
  object space 224256K, 75% used [0x00000000c0000000,0x00000000ca60b3b0,0x00000000cdb00000)
 Metaspace       used 69583K, committed 70784K, reserved 1114112K
  class space    used 7329K, committed 7872K, reserved 1048576K
}
Event: 20.871 GC heap after
{Heap after GC invocations=65 (full 6):
 PSYoungGen      total 36864K, used 9692K [0x00000000eab00000, 0x00000000ed980000, 0x0000000100000000)
  eden space 27136K, 0% used [0x00000000eab00000,0x00000000eab00000,0x00000000ec580000)
  from space 9728K, 99% used [0x00000000ec580000,0x00000000ecef70c8,0x00000000ecf00000)
  to   space 10240K, 0% used [0x00000000ecf80000,0x00000000ecf80000,0x00000000ed980000)
 ParOldGen       total 224256K, used 170036K [0x00000000c0000000, 0x00000000cdb00000, 0x00000000eab00000)
  object space 224256K, 75% used [0x00000000c0000000,0x00000000ca60d3b0,0x00000000cdb00000)
 Metaspace       used 69583K, committed 70784K, reserved 1114112K
  class space    used 7329K, committed 7872K, reserved 1048576K
}
Event: 21.015 GC heap before
{Heap before GC invocations=66 (full 6):
 PSYoungGen      total 36864K, used 36828K [0x00000000eab00000, 0x00000000ed980000, 0x0000000100000000)
  eden space 27136K, 100% used [0x00000000eab00000,0x00000000ec580000,0x00000000ec580000)
  from space 9728K, 99% used [0x00000000ec580000,0x00000000ecef70c8,0x00000000ecf00000)
  to   space 10240K, 0% used [0x00000000ecf80000,0x00000000ecf80000,0x00000000ed980000)
 ParOldGen       total 224256K, used 170036K [0x00000000c0000000, 0x00000000cdb00000, 0x00000000eab00000)
  object space 224256K, 75% used [0x00000000c0000000,0x00000000ca60d3b0,0x00000000cdb00000)
 Metaspace       used 69808K, committed 71040K, reserved 1114112K
  class space    used 7358K, committed 7936K, reserved 1048576K
}
Event: 21.027 GC heap after
{Heap after GC invocations=66 (full 6):
 PSYoungGen      total 32256K, used 10239K [0x00000000eab00000, 0x00000000ee380000, 0x0000000100000000)
  eden space 22016K, 0% used [0x00000000eab00000,0x00000000eab00000,0x00000000ec080000)
  from space 10240K, 99% used [0x00000000ecf80000,0x00000000ed97fd00,0x00000000ed980000)
  to   space 15360K, 0% used [0x00000000ec080000,0x00000000ec080000,0x00000000ecf80000)
 ParOldGen       total 224256K, used 174165K [0x00000000c0000000, 0x00000000cdb00000, 0x00000000eab00000)
  object space 224256K, 77% used [0x00000000c0000000,0x00000000caa156a8,0x00000000cdb00000)
 Metaspace       used 69808K, committed 71040K, reserved 1114112K
  class space    used 7358K, committed 7936K, reserved 1048576K
}
Event: 21.158 GC heap before
{Heap before GC invocations=67 (full 6):
 PSYoungGen      total 32256K, used 32255K [0x00000000eab00000, 0x00000000ee380000, 0x0000000100000000)
  eden space 22016K, 100% used [0x00000000eab00000,0x00000000ec080000,0x00000000ec080000)
  from space 10240K, 99% used [0x00000000ecf80000,0x00000000ed97fd00,0x00000000ed980000)
  to   space 15360K, 0% used [0x00000000ec080000,0x00000000ec080000,0x00000000ecf80000)
 ParOldGen       total 224256K, used 174165K [0x00000000c0000000, 0x00000000cdb00000, 0x00000000eab00000)
  object space 224256K, 77% used [0x00000000c0000000,0x00000000caa156a8,0x00000000cdb00000)
 Metaspace       used 70108K, committed 71296K, reserved 1114112K
  class space    used 7391K, committed 7936K, reserved 1048576K
}
Event: 21.168 GC heap after
{Heap after GC invocations=67 (full 6):
 PSYoungGen      total 31744K, used 9284K [0x00000000eab00000, 0x00000000ed680000, 0x0000000100000000)
  eden space 22016K, 0% used [0x00000000eab00000,0x00000000eab00000,0x00000000ec080000)
  from space 9728K, 95% used [0x00000000ec080000,0x00000000ec991108,0x00000000eca00000)
  to   space 11264K, 0% used [0x00000000ecb80000,0x00000000ecb80000,0x00000000ed680000)
 ParOldGen       total 224256K, used 177367K [0x00000000c0000000, 0x00000000cdb00000, 0x00000000eab00000)
  object space 224256K, 79% used [0x00000000c0000000,0x00000000cad35ee8,0x00000000cdb00000)
 Metaspace       used 70108K, committed 71296K, reserved 1114112K
  class space    used 7391K, committed 7936K, reserved 1048576K
}
Event: 21.377 GC heap before
{Heap before GC invocations=68 (full 6):
 PSYoungGen      total 31744K, used 29868K [0x00000000eab00000, 0x00000000ed680000, 0x0000000100000000)
  eden space 22016K, 93% used [0x00000000eab00000,0x00000000ebf1a1f8,0x00000000ec080000)
  from space 9728K, 95% used [0x00000000ec080000,0x00000000ec991108,0x00000000eca00000)
  to   space 11264K, 0% used [0x00000000ecb80000,0x00000000ecb80000,0x00000000ed680000)
 ParOldGen       total 224256K, used 177367K [0x00000000c0000000, 0x00000000cdb00000, 0x00000000eab00000)
  object space 224256K, 79% used [0x00000000c0000000,0x00000000cad35ee8,0x00000000cdb00000)
 Metaspace       used 70308K, committed 71552K, reserved 1114112K
  class space    used 7415K, committed 8000K, reserved 1048576K
}
Event: 21.387 GC heap after
{Heap after GC invocations=68 (full 6):
 PSYoungGen      total 28160K, used 11253K [0x00000000eab00000, 0x00000000ee080000, 0x0000000100000000)
  eden space 16896K, 0% used [0x00000000eab00000,0x00000000eab00000,0x00000000ebb80000)
  from space 11264K, 99% used [0x00000000ecb80000,0x00000000ed67d750,0x00000000ed680000)
  to   space 16384K, 0% used [0x00000000ebb80000,0x00000000ebb80000,0x00000000ecb80000)
 ParOldGen       total 224256K, used 181214K [0x00000000c0000000, 0x00000000cdb00000, 0x00000000eab00000)
  object space 224256K, 80% used [0x00000000c0000000,0x00000000cb0f78c0,0x00000000cdb00000)
 Metaspace       used 70308K, committed 71552K, reserved 1114112K
  class space    used 7415K, committed 8000K, reserved 1048576K
}
Event: 21.518 GC heap before
{Heap before GC invocations=69 (full 6):
 PSYoungGen      total 28160K, used 28149K [0x00000000eab00000, 0x00000000ee080000, 0x0000000100000000)
  eden space 16896K, 100% used [0x00000000eab00000,0x00000000ebb80000,0x00000000ebb80000)
  from space 11264K, 99% used [0x00000000ecb80000,0x00000000ed67d750,0x00000000ed680000)
  to   space 16384K, 0% used [0x00000000ebb80000,0x00000000ebb80000,0x00000000ecb80000)
 ParOldGen       total 224256K, used 207543K [0x00000000c0000000, 0x00000000cdb00000, 0x00000000eab00000)
  object space 224256K, 92% used [0x00000000c0000000,0x00000000ccaade70,0x00000000cdb00000)
 Metaspace       used 70408K, committed 71616K, reserved 1114112K
  class space    used 7428K, committed 8000K, reserved 1048576K
}
Event: 21.526 GC heap after
{Heap after GC invocations=69 (full 6):
 PSYoungGen      total 20480K, used 3156K [0x00000000eab00000, 0x00000000ecc00000, 0x0000000100000000)
  eden space 16896K, 0% used [0x00000000eab00000,0x00000000eab00000,0x00000000ebb80000)
  from space 3584K, 88% used [0x00000000ebb80000,0x00000000ebe951f8,0x00000000ebf00000)
  to   space 7680K, 0% used [0x00000000ec480000,0x00000000ec480000,0x00000000ecc00000)
 ParOldGen       total 224256K, used 212634K [0x00000000c0000000, 0x00000000cdb00000, 0x00000000eab00000)
  object space 224256K, 94% used [0x00000000c0000000,0x00000000ccfa6960,0x00000000cdb00000)
 Metaspace       used 70408K, committed 71616K, reserved 1114112K
  class space    used 7428K, committed 8000K, reserved 1048576K
}
Event: 21.566 GC heap before
{Heap before GC invocations=70 (full 6):
 PSYoungGen      total 20480K, used 20052K [0x00000000eab00000, 0x00000000ecc00000, 0x0000000100000000)
  eden space 16896K, 100% used [0x00000000eab00000,0x00000000ebb80000,0x00000000ebb80000)
  from space 3584K, 88% used [0x00000000ebb80000,0x00000000ebe951f8,0x00000000ebf00000)
  to   space 7680K, 0% used [0x00000000ec480000,0x00000000ec480000,0x00000000ecc00000)
 ParOldGen       total 224256K, used 212634K [0x00000000c0000000, 0x00000000cdb00000, 0x00000000eab00000)
  object space 224256K, 94% used [0x00000000c0000000,0x00000000ccfa6960,0x00000000cdb00000)
 Metaspace       used 70490K, committed 71680K, reserved 1114112K
  class space    used 7439K, committed 8000K, reserved 1048576K
}
Event: 21.580 GC heap after
{Heap after GC invocations=70 (full 6):
 PSYoungGen      total 22528K, used 5622K [0x00000000eab00000, 0x00000000eca00000, 0x0000000100000000)
  eden space 16896K, 0% used [0x00000000eab00000,0x00000000eab00000,0x00000000ebb80000)
  from space 5632K, 99% used [0x00000000ec480000,0x00000000ec9fdbc8,0x00000000eca00000)
  to   space 6656K, 0% used [0x00000000ebd00000,0x00000000ebd00000,0x00000000ec380000)
 ParOldGen       total 224256K, used 223651K [0x00000000c0000000, 0x00000000cdb00000, 0x00000000eab00000)
  object space 224256K, 99% used [0x00000000c0000000,0x00000000cda68f00,0x00000000cdb00000)
 Metaspace       used 70490K, committed 71680K, reserved 1114112K
  class space    used 7439K, committed 8000K, reserved 1048576K
}
Event: 21.666 GC heap before
{Heap before GC invocations=71 (full 7):
 PSYoungGen      total 22528K, used 22518K [0x00000000eab00000, 0x00000000eca00000, 0x0000000100000000)
  eden space 16896K, 100% used [0x00000000eab00000,0x00000000ebb80000,0x00000000ebb80000)
  from space 5632K, 99% used [0x00000000ec480000,0x00000000ec9fdbc8,0x00000000eca00000)
  to   space 6656K, 0% used [0x00000000ebd00000,0x00000000ebd00000,0x00000000ec380000)
 ParOldGen       total 224256K, used 223651K [0x00000000c0000000, 0x00000000cdb00000, 0x00000000eab00000)
  object space 224256K, 99% used [0x00000000c0000000,0x00000000cda68f00,0x00000000cdb00000)
 Metaspace       used 70541K, committed 71744K, reserved 1114112K
  class space    used 7444K, committed 8000K, reserved 1048576K
}

