# JRE version: OpenJDK Runtime Environment Temurin-17.0.13+11 (17.0.13+11) (build 17.0.13+11)
# Java VM: OpenJDK 64-Bit Server VM Temurin-17.0.13+11 (17.0.13+11, mixed mode, tiered, compressed oops, compressed class ptrs, parallel gc, windows-amd64)
GC Precious Log:
 CPUs: 8 total, 8 available
 Memory: 7778M
 Large Page Support: Disabled
 NUMA Support: Disabled
 Compressed Oops: Enabled (32-bit)
 Alignments: Space 512K, Generation 512K, Heap 2M
 Heap Min Capacity: 100M
 Heap Initial Capacity: 100M
 Heap Max Capacity: 1G
 Pre-touch: Disabled
 Parallel Workers: 8
Heap:
 PSYoungGen      total 17920K, used 8479K [0x00000000eab00000, 0x00000000ec180000, 0x0000000100000000)
  eden space 14848K, 39% used [0x00000000eab00000,0x00000000eb0b5ac8,0x00000000eb980000)
  from space 3072K, 85% used [0x00000000eb980000,0x00000000ebc12480,0x00000000ebc80000)
  to   space 4096K, 0% used [0x00000000ebd80000,0x00000000ebd80000,0x00000000ec180000)
 ParOldGen       total 93184K, used 71580K [0x00000000c0000000, 0x00000000c5b00000, 0x00000000eab00000)
  object space 93184K, 76% used [0x00000000c0000000,0x00000000c45e7010,0x00000000c5b00000)
 Metaspace       used 66401K, committed 67648K, reserved 1114112K
  class space    used 7004K, committed 7552K, reserved 1048576K
GC Heap History (20 events):
Event: 15.154 GC heap before
{Heap before GC invocations=36 (full 3):
 PSYoungGen      total 18944K, used 18432K [0x00000000eab00000, 0x00000000ec500000, 0x0000000100000000)
  eden space 18432K, 100% used [0x00000000eab00000,0x00000000ebd00000,0x00000000ebd00000)
  from space 512K, 0% used [0x00000000ec480000,0x00000000ec480000,0x00000000ec500000)
  to   space 3072K, 0% used [0x00000000ebf00000,0x00000000ebf00000,0x00000000ec200000)
 ParOldGen       total 68608K, used 50519K [0x00000000c0000000, 0x00000000c4300000, 0x00000000eab00000)
  object space 68608K, 73% used [0x00000000c0000000,0x00000000c3155da8,0x00000000c4300000)
 Metaspace       used 59633K, committed 60800K, reserved 1114112K
  class space    used 6346K, committed 6848K, reserved 1048576K
}
Event: 15.162 GC heap after
{Heap after GC invocations=36 (full 3):
 PSYoungGen      total 21504K, used 3044K [0x00000000eab00000, 0x00000000ec500000, 0x0000000100000000)
  eden space 18432K, 0% used [0x00000000eab00000,0x00000000eab00000,0x00000000ebd00000)
  from space 3072K, 99% used [0x00000000ebf00000,0x00000000ec1f9200,0x00000000ec200000)
  to   space 3072K, 0% used [0x00000000ec200000,0x00000000ec200000,0x00000000ec500000)
 ParOldGen       total 68608K, used 50862K [0x00000000c0000000, 0x00000000c4300000, 0x00000000eab00000)
  object space 68608K, 74% used [0x00000000c0000000,0x00000000c31ab9a0,0x00000000c4300000)
 Metaspace       used 59633K, committed 60800K, reserved 1114112K
  class space    used 6346K, committed 6848K, reserved 1048576K
}
Event: 15.640 GC heap before
{Heap before GC invocations=37 (full 3):
 PSYoungGen      total 21504K, used 21476K [0x00000000eab00000, 0x00000000ec500000, 0x0000000100000000)
  eden space 18432K, 100% used [0x00000000eab00000,0x00000000ebd00000,0x00000000ebd00000)
  from space 3072K, 99% used [0x00000000ebf00000,0x00000000ec1f9200,0x00000000ec200000)
  to   space 3072K, 0% used [0x00000000ec200000,0x00000000ec200000,0x00000000ec500000)
 ParOldGen       total 68608K, used 50862K [0x00000000c0000000, 0x00000000c4300000, 0x00000000eab00000)
  object space 68608K, 74% used [0x00000000c0000000,0x00000000c31ab9a0,0x00000000c4300000)
 Metaspace       used 60858K, committed 62016K, reserved 1114112K
  class space    used 6487K, committed 6976K, reserved 1048576K
}
Event: 15.647 GC heap after
{Heap after GC invocations=37 (full 3):
 PSYoungGen      total 19968K, used 3043K [0x00000000eab00000, 0x00000000eca00000, 0x0000000100000000)
  eden space 16896K, 0% used [0x00000000eab00000,0x00000000eab00000,0x00000000ebb80000)
  from space 3072K, 99% used [0x00000000ec200000,0x00000000ec4f8f40,0x00000000ec500000)
  to   space 6656K, 0% used [0x00000000ebb80000,0x00000000ebb80000,0x00000000ec200000)
 ParOldGen       total 68608K, used 53830K [0x00000000c0000000, 0x00000000c4300000, 0x00000000eab00000)
  object space 68608K, 78% used [0x00000000c0000000,0x00000000c34918e8,0x00000000c4300000)
 Metaspace       used 60858K, committed 62016K, reserved 1114112K
  class space    used 6487K, committed 6976K, reserved 1048576K
}
Event: 16.229 GC heap before
{Heap before GC invocations=38 (full 3):
 PSYoungGen      total 19968K, used 19939K [0x00000000eab00000, 0x00000000eca00000, 0x0000000100000000)
  eden space 16896K, 100% used [0x00000000eab00000,0x00000000ebb80000,0x00000000ebb80000)
  from space 3072K, 99% used [0x00000000ec200000,0x00000000ec4f8f40,0x00000000ec500000)
  to   space 6656K, 0% used [0x00000000ebb80000,0x00000000ebb80000,0x00000000ec200000)
 ParOldGen       total 68608K, used 53830K [0x00000000c0000000, 0x00000000c4300000, 0x00000000eab00000)
  object space 68608K, 78% used [0x00000000c0000000,0x00000000c34918e8,0x00000000c4300000)
 Metaspace       used 62035K, committed 63232K, reserved 1114112K
  class space    used 6636K, committed 7168K, reserved 1048576K
}
Event: 16.243 GC heap after
{Heap after GC invocations=38 (full 3):
 PSYoungGen      total 19968K, used 2881K [0x00000000eab00000, 0x00000000ec380000, 0x0000000100000000)
  eden space 16896K, 0% used [0x00000000eab00000,0x00000000eab00000,0x00000000ebb80000)
  from space 3072K, 93% used [0x00000000ebb80000,0x00000000ebe50478,0x00000000ebe80000)
  to   space 4096K, 0% used [0x00000000ebf80000,0x00000000ebf80000,0x00000000ec380000)
 ParOldGen       total 68608K, used 56715K [0x00000000c0000000, 0x00000000c4300000, 0x00000000eab00000)
  object space 68608K, 82% used [0x00000000c0000000,0x00000000c3762dc8,0x00000000c4300000)
 Metaspace       used 62035K, committed 63232K, reserved 1114112K
  class space    used 6636K, committed 7168K, reserved 1048576K
}
Event: 16.506 GC heap before
{Heap before GC invocations=39 (full 3):
 PSYoungGen      total 19968K, used 19777K [0x00000000eab00000, 0x00000000ec380000, 0x0000000100000000)
  eden space 16896K, 100% used [0x00000000eab00000,0x00000000ebb80000,0x00000000ebb80000)
  from space 3072K, 93% used [0x00000000ebb80000,0x00000000ebe50478,0x00000000ebe80000)
  to   space 4096K, 0% used [0x00000000ebf80000,0x00000000ebf80000,0x00000000ec380000)
 ParOldGen       total 68608K, used 56715K [0x00000000c0000000, 0x00000000c4300000, 0x00000000eab00000)
  object space 68608K, 82% used [0x00000000c0000000,0x00000000c3762dc8,0x00000000c4300000)
 Metaspace       used 62507K, committed 63680K, reserved 1114112K
  class space    used 6670K, committed 7168K, reserved 1048576K
}
Event: 16.516 GC heap after
{Heap after GC invocations=39 (full 3):
 PSYoungGen      total 20992K, used 3823K [0x00000000eab00000, 0x00000000ec380000, 0x0000000100000000)
  eden space 16896K, 0% used [0x00000000eab00000,0x00000000eab00000,0x00000000ebb80000)
  from space 4096K, 93% used [0x00000000ebf80000,0x00000000ec33bd98,0x00000000ec380000)
  to   space 4096K, 0% used [0x00000000ebb80000,0x00000000ebb80000,0x00000000ebf80000)
 ParOldGen       total 68608K, used 59466K [0x00000000c0000000, 0x00000000c4300000, 0x00000000eab00000)
  object space 68608K, 86% used [0x00000000c0000000,0x00000000c3a12848,0x00000000c4300000)
 Metaspace       used 62507K, committed 63680K, reserved 1114112K
  class space    used 6670K, committed 7168K, reserved 1048576K
}
Event: 17.400 GC heap before
{Heap before GC invocations=40 (full 3):
 PSYoungGen      total 20992K, used 20719K [0x00000000eab00000, 0x00000000ec380000, 0x0000000100000000)
  eden space 16896K, 100% used [0x00000000eab00000,0x00000000ebb80000,0x00000000ebb80000)
  from space 4096K, 93% used [0x00000000ebf80000,0x00000000ec33bd98,0x00000000ec380000)
  to   space 4096K, 0% used [0x00000000ebb80000,0x00000000ebb80000,0x00000000ebf80000)
 ParOldGen       total 68608K, used 59466K [0x00000000c0000000, 0x00000000c4300000, 0x00000000eab00000)
  object space 68608K, 86% used [0x00000000c0000000,0x00000000c3a12848,0x00000000c4300000)
 Metaspace       used 63259K, committed 64448K, reserved 1114112K
  class space    used 6720K, committed 7232K, reserved 1048576K
}
Event: 17.407 GC heap after
{Heap after GC invocations=40 (full 3):
 PSYoungGen      total 20992K, used 4080K [0x00000000eab00000, 0x00000000ecd80000, 0x0000000100000000)
  eden space 16896K, 0% used [0x00000000eab00000,0x00000000eab00000,0x00000000ebb80000)
  from space 4096K, 99% used [0x00000000ebb80000,0x00000000ebf7c2c8,0x00000000ebf80000)
  to   space 9216K, 0% used [0x00000000ec480000,0x00000000ec480000,0x00000000ecd80000)
 ParOldGen       total 68608K, used 63434K [0x00000000c0000000, 0x00000000c4300000, 0x00000000eab00000)
  object space 68608K, 92% used [0x00000000c0000000,0x00000000c3df2840,0x00000000c4300000)
 Metaspace       used 63259K, committed 64448K, reserved 1114112K
  class space    used 6720K, committed 7232K, reserved 1048576K
}
Event: 17.919 GC heap before
{Heap before GC invocations=41 (full 3):
 PSYoungGen      total 20992K, used 20976K [0x00000000eab00000, 0x00000000ecd80000, 0x0000000100000000)
  eden space 16896K, 100% used [0x00000000eab00000,0x00000000ebb80000,0x00000000ebb80000)
  from space 4096K, 99% used [0x00000000ebb80000,0x00000000ebf7c2c8,0x00000000ebf80000)
  to   space 9216K, 0% used [0x00000000ec480000,0x00000000ec480000,0x00000000ecd80000)
 ParOldGen       total 68608K, used 63434K [0x00000000c0000000, 0x00000000c4300000, 0x00000000eab00000)
  object space 68608K, 92% used [0x00000000c0000000,0x00000000c3df2840,0x00000000c4300000)
 Metaspace       used 63752K, committed 64896K, reserved 1114112K
  class space    used 6753K, committed 7232K, reserved 1048576K
}
Event: 17.928 GC heap after
{Heap after GC invocations=41 (full 3):
 PSYoungGen      total 20480K, used 3529K [0x00000000eab00000, 0x00000000ec800000, 0x0000000100000000)
  eden space 16896K, 0% used [0x00000000eab00000,0x00000000eab00000,0x00000000ebb80000)
  from space 3584K, 98% used [0x00000000ec480000,0x00000000ec7f25d0,0x00000000ec800000)
  to   space 5632K, 0% used [0x00000000ebd00000,0x00000000ebd00000,0x00000000ec280000)
 ParOldGen       total 68608K, used 67491K [0x00000000c0000000, 0x00000000c4300000, 0x00000000eab00000)
  object space 68608K, 98% used [0x00000000c0000000,0x00000000c41e8ca8,0x00000000c4300000)
 Metaspace       used 63752K, committed 64896K, reserved 1114112K
  class space    used 6753K, committed 7232K, reserved 1048576K
}
Event: 18.367 GC heap before
{Heap before GC invocations=42 (full 4):
 PSYoungGen      total 20480K, used 20425K [0x00000000eab00000, 0x00000000ec800000, 0x0000000100000000)
  eden space 16896K, 100% used [0x00000000eab00000,0x00000000ebb80000,0x00000000ebb80000)
  from space 3584K, 98% used [0x00000000ec480000,0x00000000ec7f25d0,0x00000000ec800000)
  to   space 5632K, 0% used [0x00000000ebd00000,0x00000000ebd00000,0x00000000ec280000)
 ParOldGen       total 68608K, used 67491K [0x00000000c0000000, 0x00000000c4300000, 0x00000000eab00000)
  object space 68608K, 98% used [0x00000000c0000000,0x00000000c41e8ca8,0x00000000c4300000)
 Metaspace       used 64099K, committed 65216K, reserved 1114112K
  class space    used 6769K, committed 7232K, reserved 1048576K
}
Event: 18.449 GC heap after
{Heap after GC invocations=42 (full 4):
 PSYoungGen      total 17408K, used 0K [0x00000000eab00000, 0x00000000ec680000, 0x0000000100000000)
  eden space 16896K, 0% used [0x00000000eab00000,0x00000000eab00000,0x00000000ebb80000)
  from space 512K, 0% used [0x00000000ebd00000,0x00000000ebd00000,0x00000000ebd80000)
  to   space 5632K, 0% used [0x00000000ec100000,0x00000000ec100000,0x00000000ec680000)
 ParOldGen       total 93184K, used 63885K [0x00000000c0000000, 0x00000000c5b00000, 0x00000000eab00000)
  object space 93184K, 68% used [0x00000000c0000000,0x00000000c3e637c0,0x00000000c5b00000)
 Metaspace       used 64099K, committed 65216K, reserved 1114112K
  class space    used 6769K, committed 7232K, reserved 1048576K
}
Event: 18.867 GC heap before
{Heap before GC invocations=43 (full 4):
 PSYoungGen      total 17408K, used 16896K [0x00000000eab00000, 0x00000000ec680000, 0x0000000100000000)
  eden space 16896K, 100% used [0x00000000eab00000,0x00000000ebb80000,0x00000000ebb80000)
  from space 512K, 0% used [0x00000000ebd00000,0x00000000ebd00000,0x00000000ebd80000)
  to   space 5632K, 0% used [0x00000000ec100000,0x00000000ec100000,0x00000000ec680000)
 ParOldGen       total 93184K, used 63885K [0x00000000c0000000, 0x00000000c5b00000, 0x00000000eab00000)
  object space 93184K, 68% used [0x00000000c0000000,0x00000000c3e637c0,0x00000000c5b00000)
 Metaspace       used 65164K, committed 66368K, reserved 1114112K
  class space    used 6876K, committed 7424K, reserved 1048576K
}
Event: 18.871 GC heap after
{Heap after GC invocations=43 (full 4):
 PSYoungGen      total 19456K, used 2400K [0x00000000eab00000, 0x00000000ec380000, 0x0000000100000000)
  eden space 16896K, 0% used [0x00000000eab00000,0x00000000eab00000,0x00000000ebb80000)
  from space 2560K, 93% used [0x00000000ec100000,0x00000000ec358000,0x00000000ec380000)
  to   space 3584K, 0% used [0x00000000ebc80000,0x00000000ebc80000,0x00000000ec000000)
 ParOldGen       total 93184K, used 63893K [0x00000000c0000000, 0x00000000c5b00000, 0x00000000eab00000)
  object space 93184K, 68% used [0x00000000c0000000,0x00000000c3e657c0,0x00000000c5b00000)
 Metaspace       used 65164K, committed 66368K, reserved 1114112K
  class space    used 6876K, committed 7424K, reserved 1048576K
}
Event: 19.063 GC heap before
{Heap before GC invocations=44 (full 4):
 PSYoungGen      total 19456K, used 19296K [0x00000000eab00000, 0x00000000ec380000, 0x0000000100000000)
  eden space 16896K, 100% used [0x00000000eab00000,0x00000000ebb80000,0x00000000ebb80000)
  from space 2560K, 93% used [0x00000000ec100000,0x00000000ec358000,0x00000000ec380000)
  to   space 3584K, 0% used [0x00000000ebc80000,0x00000000ebc80000,0x00000000ec000000)
 ParOldGen       total 93184K, used 63893K [0x00000000c0000000, 0x00000000c5b00000, 0x00000000eab00000)
  object space 93184K, 68% used [0x00000000c0000000,0x00000000c3e657c0,0x00000000c5b00000)
 Metaspace       used 65569K, committed 66752K, reserved 1114112K
  class space    used 6920K, committed 7424K, reserved 1048576K
}
Event: 19.067 GC heap after
{Heap after GC invocations=44 (full 4):
 PSYoungGen      total 20480K, used 3159K [0x00000000eab00000, 0x00000000ec280000, 0x0000000100000000)
  eden space 16896K, 0% used [0x00000000eab00000,0x00000000eab00000,0x00000000ebb80000)
  from space 3584K, 88% used [0x00000000ebc80000,0x00000000ebf95c00,0x00000000ec000000)
  to   space 2560K, 0% used [0x00000000ec000000,0x00000000ec000000,0x00000000ec280000)
 ParOldGen       total 93184K, used 65703K [0x00000000c0000000, 0x00000000c5b00000, 0x00000000eab00000)
  object space 93184K, 70% used [0x00000000c0000000,0x00000000c4029eb0,0x00000000c5b00000)
 Metaspace       used 65569K, committed 66752K, reserved 1114112K
  class space    used 6920K, committed 7424K, reserved 1048576K
}
Event: 19.296 GC heap before
{Heap before GC invocations=45 (full 4):
 PSYoungGen      total 20480K, used 20055K [0x00000000eab00000, 0x00000000ec280000, 0x0000000100000000)
  eden space 16896K, 100% used [0x00000000eab00000,0x00000000ebb80000,0x00000000ebb80000)
  from space 3584K, 88% used [0x00000000ebc80000,0x00000000ebf95c00,0x00000000ec000000)
  to   space 2560K, 0% used [0x00000000ec000000,0x00000000ec000000,0x00000000ec280000)
 ParOldGen       total 93184K, used 65703K [0x00000000c0000000, 0x00000000c5b00000, 0x00000000eab00000)
  object space 93184K, 70% used [0x00000000c0000000,0x00000000c4029eb0,0x00000000c5b00000)
 Metaspace       used 65855K, committed 67072K, reserved 1114112K
  class space    used 6959K, committed 7488K, reserved 1048576K
}
Event: 19.302 GC heap after
{Heap after GC invocations=45 (full 4):
 PSYoungGen      total 17408K, used 2549K [0x00000000eab00000, 0x00000000ec880000, 0x0000000100000000)
  eden space 14848K, 0% used [0x00000000eab00000,0x00000000eab00000,0x00000000eb980000)
  from space 2560K, 99% used [0x00000000ec000000,0x00000000ec27d4a0,0x00000000ec280000)
  to   space 6656K, 0% used [0x00000000eb980000,0x00000000eb980000,0x00000000ec000000)
 ParOldGen       total 93184K, used 69097K [0x00000000c0000000, 0x00000000c5b00000, 0x00000000eab00000)
  object space 93184K, 74% used [0x00000000c0000000,0x00000000c437a420,0x00000000c5b00000)
 Metaspace       used 65855K, committed 67072K, reserved 1114112K
  class space    used 6959K, committed 7488K, reserved 1048576K
}

